Using pre-set license
Built from '2021.3/staging' branch; Version is '2021.3.9f1 (ad3870b89536) revision 11352176'; Using compiler version '192829333'; Build Type 'Release'
OS: 'Windows 11  (10.0.22000) 64bit Core' Language: 'en' Physical Memory: 16149 MB
BatchMode: 1, IsHumanControllingUs: 0, StartBugReporterOnCrash: 0, Is64bit: 1, IsPro: 1

COMMAND LINE ARGUMENTS:
C:\Program Files\Unity\Hub\Editor\2021.3.9f1\Editor\Unity.exe
-adb2
-batchMode
-noUpm
-name
AssetImportWorker0
-projectPath
C:/Users/micha/ShellHacks2022
-logFile
Logs/AssetImportWorker0.log
-srvPort
52699
Successfully changed project path to: C:/Users/micha/ShellHacks2022
C:/Users/micha/ShellHacks2022
[UnityMemory] Configuration Parameters - Can be set up in boot.config
    "memorysetup-bucket-allocator-granularity=16"
    "memorysetup-bucket-allocator-bucket-count=8"
    "memorysetup-bucket-allocator-block-size=33554432"
    "memorysetup-bucket-allocator-block-count=8"
    "memorysetup-main-allocator-block-size=16777216"
    "memorysetup-thread-allocator-block-size=16777216"
    "memorysetup-gfx-main-allocator-block-size=16777216"
    "memorysetup-gfx-thread-allocator-block-size=16777216"
    "memorysetup-cache-allocator-block-size=4194304"
    "memorysetup-typetree-allocator-block-size=2097152"
    "memorysetup-profiler-bucket-allocator-granularity=16"
    "memorysetup-profiler-bucket-allocator-bucket-count=8"
    "memorysetup-profiler-bucket-allocator-block-size=33554432"
    "memorysetup-profiler-bucket-allocator-block-count=8"
    "memorysetup-profiler-allocator-block-size=16777216"
    "memorysetup-profiler-editor-allocator-block-size=1048576"
    "memorysetup-temp-allocator-size-main=16777216"
    "memorysetup-job-temp-allocator-block-size=2097152"
    "memorysetup-job-temp-allocator-block-size-background=1048576"
    "memorysetup-job-temp-allocator-reduction-small-platforms=262144"
    "memorysetup-temp-allocator-size-background-worker=32768"
    "memorysetup-temp-allocator-size-job-worker=262144"
    "memorysetup-temp-allocator-size-preload-manager=33554432"
    "memorysetup-temp-allocator-size-nav-mesh-worker=65536"
    "memorysetup-temp-allocator-size-audio-worker=65536"
    "memorysetup-temp-allocator-size-cloud-worker=32768"
    "memorysetup-temp-allocator-size-gi-baking-worker=262144"
    "memorysetup-temp-allocator-size-gfx=262144"
Refreshing native plugins compatible for Editor in 133.83 ms, found 4 plugins.
Preloading 0 native plugins for Editor in 0.00 ms.
Initialize engine version: 2021.3.9f1 (ad3870b89536)
[Subsystems] Discovering subsystems at path C:/Program Files/Unity/Hub/Editor/2021.3.9f1/Editor/Data/Resources/UnitySubsystems
[Subsystems] Discovering subsystems at path C:/Users/micha/ShellHacks2022/Assets
GfxDevice: creating device client; threaded=0; jobified=0
Direct3D:
    Version:  Direct3D 11.0 [level 11.1]
    Renderer: Intel(R) Iris(R) Xe Graphics (ID=0x9a49)
    Vendor:   Intel
    VRAM:     8074 MB
    Driver:   30.0.101.1660
Initialize mono
Mono path[0] = 'C:/Program Files/Unity/Hub/Editor/2021.3.9f1/Editor/Data/Managed'
Mono path[1] = 'C:/Program Files/Unity/Hub/Editor/2021.3.9f1/Editor/Data/MonoBleedingEdge/lib/mono/unityjit-win32'
Mono config path = 'C:/Program Files/Unity/Hub/Editor/2021.3.9f1/Editor/Data/MonoBleedingEdge/etc'
Using monoOptions --debugger-agent=transport=dt_socket,embedding=1,server=y,suspend=n,address=127.0.0.1:56628
Begin MonoManager ReloadAssembly
Registering precompiled unity dll's ...
Register platform support module: C:/Program Files/Unity/Hub/Editor/2021.3.9f1/Editor/Data/PlaybackEngines/WebGLSupport/UnityEditor.WebGL.Extensions.dll
Register platform support module: C:/Program Files/Unity/Hub/Editor/2021.3.9f1/Editor/Data/PlaybackEngines/MacStandaloneSupport/UnityEditor.OSXStandalone.Extensions.dll
Register platform support module: C:/Program Files/Unity/Hub/Editor/2021.3.9f1/Editor/Data/PlaybackEngines/WindowsStandaloneSupport/UnityEditor.WindowsStandalone.Extensions.dll
Register platform support module: C:/Program Files/Unity/Hub/Editor/2021.3.9f1/Editor/Data/PlaybackEngines/LinuxStandaloneSupport/UnityEditor.LinuxStandalone.Extensions.dll
Register platform support module: C:/Program Files/Unity/Hub/Editor/2021.3.9f1/Editor/Data/PlaybackEngines/MetroSupport/UnityEditor.UWP.Extensions.dll
Registered in 0.017302 seconds.
Native extension for UWP target not found
Native extension for LinuxStandalone target not found
Native extension for WindowsStandalone target not found
Native extension for OSXStandalone target not found
Native extension for WebGL target not found
Refreshing native plugins compatible for Editor in 160.51 ms, found 4 plugins.
Preloading 0 native plugins for Editor in 0.00 ms.
Mono: successfully reloaded assembly
- Completed reload, in  0.959 seconds
Domain Reload Profiling:
	ReloadAssembly (961ms)
		BeginReloadAssembly (157ms)
			ExecutionOrderSort (0ms)
			DisableScriptedObjects (0ms)
			BackupInstance (0ms)
			ReleaseScriptingObjects (0ms)
			CreateAndSetChildDomain (1ms)
		EndReloadAssembly (654ms)
			LoadAssemblies (155ms)
			RebuildTransferFunctionScriptingTraits (0ms)
			SetupTypeCache (135ms)
			ReleaseScriptCaches (0ms)
			RebuildScriptCaches (35ms)
			SetupLoadedEditorAssemblies (418ms)
				LogAssemblyErrors (0ms)
				InitializePlatformSupportModulesInManaged (21ms)
				SetLoadedEditorAssemblies (0ms)
				RefreshPlugins (161ms)
				BeforeProcessingInitializeOnLoad (1ms)
				ProcessInitializeOnLoadAttributes (170ms)
				ProcessInitializeOnLoadMethodAttributes (65ms)
				AfterProcessingInitializeOnLoad (0ms)
				EditorAssembliesLoaded (0ms)
			ExecutionOrderSort2 (0ms)
			AwakeInstancesAfterBackupRestoration (0ms)
Platform modules already initialized, skipping
Registering precompiled user dll's ...
Registered in 0.010689 seconds.
Begin MonoManager ReloadAssembly
Symbol file LoadedFromMemory doesn't match image C:\Users\micha\ShellHacks2022\Library\PackageCache\com.unity.visualscripting@1.7.8\Editor\VisualScripting.Core\Dependencies\YamlDotNet\Unity.VisualScripting.YamlDotNet.dll
Symbol file LoadedFromMemory doesn't match image C:\Users\micha\ShellHacks2022\Library\PackageCache\com.unity.visualscripting@1.7.8\Editor\VisualScripting.Core\Dependencies\DotNetZip\Unity.VisualScripting.IonicZip.dll
Native extension for UWP target not found
Native extension for LinuxStandalone target not found
Native extension for WindowsStandalone target not found
Native extension for OSXStandalone target not found
Native extension for WebGL target not found
Refreshing native plugins compatible for Editor in 196.31 ms, found 4 plugins.
Preloading 0 native plugins for Editor in 0.00 ms.
Mono: successfully reloaded assembly
- Completed reload, in  2.393 seconds
Domain Reload Profiling:
	ReloadAssembly (2394ms)
		BeginReloadAssembly (233ms)
			ExecutionOrderSort (0ms)
			DisableScriptedObjects (12ms)
			BackupInstance (0ms)
			ReleaseScriptingObjects (0ms)
			CreateAndSetChildDomain (33ms)
		EndReloadAssembly (1909ms)
			LoadAssemblies (189ms)
			RebuildTransferFunctionScriptingTraits (0ms)
			SetupTypeCache (484ms)
			ReleaseScriptCaches (1ms)
			RebuildScriptCaches (124ms)
			SetupLoadedEditorAssemblies (1078ms)
				LogAssemblyErrors (0ms)
				InitializePlatformSupportModulesInManaged (20ms)
				SetLoadedEditorAssemblies (0ms)
				RefreshPlugins (196ms)
				BeforeProcessingInitializeOnLoad (178ms)
				ProcessInitializeOnLoadAttributes (486ms)
				ProcessInitializeOnLoadMethodAttributes (189ms)
				AfterProcessingInitializeOnLoad (9ms)
				EditorAssembliesLoaded (0ms)
			ExecutionOrderSort2 (0ms)
			AwakeInstancesAfterBackupRestoration (8ms)
Platform modules already initialized, skipping
========================================================================
Worker process is ready to serve import requests
Launched and connected shader compiler UnityShaderCompiler.exe after 0.08 seconds
Refreshing native plugins compatible for Editor in 2.16 ms, found 4 plugins.
Preloading 0 native plugins for Editor in 0.00 ms.
Unloading 5713 Unused Serialized files (Serialized files now loaded: 0)
Unloading 69 unused Assets / (1.2 MB). Loaded Objects now: 6151.
Memory consumption went from 222.5 MB to 221.3 MB.
Total: 6.629000 ms (FindLiveObjects: 0.644600 ms CreateObjectMapping: 0.513500 ms MarkObjects: 4.518000 ms  DeleteObjects: 0.951400 ms)

AssetImportParameters requested are different than current active one (requested -> active):
  custom:video-decoder-ogg-theora: a1e56fd34408186e4bbccfd4996cb3dc -> 
  custom:container-muxer-webm: aa71ff27fc2769a1b78a27578f13a17b -> 
  custom:container-demuxer-webm: 4f35f7cbe854078d1ac9338744f61a02 -> 
  custom:video-encoder-webm-vp8: eb34c28f22e8b96e1ab97ce403110664 -> 
  custom:video-codec-MediaFoundation-h265: 746d11721c4dcdbdad8f713fa42b33f4 -> 
  custom:audio-encoder-webm-vorbis: bf7c407c2cedff20999df2af8eb42d56 -> 
  custom:framework-win-MediaFoundation: 216162199b28c13a410421893ffa2e32 -> 
  custom:container-demuxer-ogg: 62fdf1f143b41e24485cea50d1cbac27 -> 
  custom:video-decoder-webm-vp8: 9c59270c3fd7afecdb556c50c9e8de78 -> 
  custom:audio-decoder-ogg-vorbis: bf7c407c2cedff20999df2af8eb42d56 -> 
========================================================================
Received Import Request.
  Time since last request: 108483.277757 seconds.
  path: Assets/RecycleBin.png
  artifactKey: Guid(8a17816344d5cad47a9435d6589e68c9) Importer(815301076,1909f56bfc062723c751e8b465ee728b)
Start importing Assets/RecycleBin.png using Guid(8a17816344d5cad47a9435d6589e68c9) Importer(815301076,1909f56bfc062723c751e8b465ee728b)  -> (artifact id: 'ff5b344cc58b8e5793575c13679acb39') in 0.189206 seconds 
========================================================================
Received Import Request.
  Time since last request: 0.000047 seconds.
  path: Assets/Bottles.png
  artifactKey: Guid(0ff4b68e1feb1a143aebced5ea493876) Importer(815301076,1909f56bfc062723c751e8b465ee728b)
Start importing Assets/Bottles.png using Guid(0ff4b68e1feb1a143aebced5ea493876) Importer(815301076,1909f56bfc062723c751e8b465ee728b)  -> (artifact id: '8949da3cd8cd8b2fd62e3eb9dc3fbeaa') in 0.025973 seconds 
========================================================================
Received Prepare
Registering precompiled user dll's ...
Registered in 0.013927 seconds.
Required property 'name' not set (Packages/com.unity.sysroot/Tests/Editor/Unity.Sysroot.EditorTests.asmdef)
Required property 'name' not set (Packages/com.unity.toolchain.win-x86_64-linux-x86_64/Editor/Unity.Toolchain.Win-x86_64-Linux-x86_64.asmdef)
Required property 'name' not set (Packages/com.unity.sysroot.linux-x86_64/Editor/Unity.Sysroot.Linux-x86_64.asmdef)
Required property 'name' not set (Packages/com.unity.sysroot.linux-x86_64/Tests/Editor/Unity.Sysroot.Linux-x86_64.EditorTests.asmdef)
Required property 'name' not set (Packages/com.unity.toolchain.win-x86_64-linux-x86_64/Tests/Editor/Unity.Toolchain.Win-x86_64-Linux-x86_64.EditorTests.asmdef)
Required property 'name' not set (Packages/com.unity.sysroot/Editor/Unity.SysrootPackage.Editor.asmdef)
Required property 'name' not set (Packages/com.unity.sysroot/Tests/Editor/Unity.Sysroot.EditorTests.asmdef)
Required property 'name' not set (Packages/com.unity.toolchain.win-x86_64-linux-x86_64/Editor/Unity.Toolchain.Win-x86_64-Linux-x86_64.asmdef)
Required property 'name' not set (Packages/com.unity.sysroot.linux-x86_64/Editor/Unity.Sysroot.Linux-x86_64.asmdef)
Required property 'name' not set (Packages/com.unity.sysroot.linux-x86_64/Tests/Editor/Unity.Sysroot.Linux-x86_64.EditorTests.asmdef)
Required property 'name' not set (Packages/com.unity.toolchain.win-x86_64-linux-x86_64/Tests/Editor/Unity.Toolchain.Win-x86_64-Linux-x86_64.EditorTests.asmdef)
Required property 'name' not set (Packages/com.unity.sysroot/Editor/Unity.SysrootPackage.Editor.asmdef)
Begin MonoManager ReloadAssembly
Symbol file LoadedFromMemory doesn't match image C:\Users\micha\ShellHacks2022\Library\PackageCache\com.unity.visualscripting@1.7.8\Editor\VisualScripting.Core\Dependencies\YamlDotNet\Unity.VisualScripting.YamlDotNet.dll
Symbol file LoadedFromMemory doesn't match image C:\Users\micha\ShellHacks2022\Library\PackageCache\com.unity.visualscripting@1.7.8\Editor\VisualScripting.Core\Dependencies\DotNetZip\Unity.VisualScripting.IonicZip.dll
Native extension for UWP target not found
Native extension for LinuxStandalone target not found
Native extension for WindowsStandalone target not found
Native extension for OSXStandalone target not found
Native extension for WebGL target not found
Refreshing native plugins compatible for Editor in 1.08 ms, found 4 plugins.
Preloading 0 native plugins for Editor in 0.00 ms.
Required property 'name' not set (Packages/com.unity.sysroot/Tests/Editor/Unity.Sysroot.EditorTests.asmdef)
Required property 'name' not set (Packages/com.unity.toolchain.win-x86_64-linux-x86_64/Editor/Unity.Toolchain.Win-x86_64-Linux-x86_64.asmdef)
Required property 'name' not set (Packages/com.unity.sysroot.linux-x86_64/Editor/Unity.Sysroot.Linux-x86_64.asmdef)
Required property 'name' not set (Packages/com.unity.sysroot.linux-x86_64/Tests/Editor/Unity.Sysroot.Linux-x86_64.EditorTests.asmdef)
Required property 'name' not set (Packages/com.unity.toolchain.win-x86_64-linux-x86_64/Tests/Editor/Unity.Toolchain.Win-x86_64-Linux-x86_64.EditorTests.asmdef)
Required property 'name' not set (Packages/com.unity.sysroot/Editor/Unity.SysrootPackage.Editor.asmdef)
Mono: successfully reloaded assembly
- Completed reload, in  1.460 seconds
Domain Reload Profiling:
	ReloadAssembly (1460ms)
		BeginReloadAssembly (193ms)
			ExecutionOrderSort (0ms)
			DisableScriptedObjects (11ms)
			BackupInstance (0ms)
			ReleaseScriptingObjects (0ms)
			CreateAndSetChildDomain (77ms)
		EndReloadAssembly (1156ms)
			LoadAssemblies (106ms)
			RebuildTransferFunctionScriptingTraits (0ms)
			SetupTypeCache (319ms)
			ReleaseScriptCaches (3ms)
			RebuildScriptCaches (72ms)
			SetupLoadedEditorAssemblies (584ms)
				LogAssemblyErrors (0ms)
				InitializePlatformSupportModulesInManaged (20ms)
				SetLoadedEditorAssemblies (1ms)
				RefreshPlugins (1ms)
				BeforeProcessingInitializeOnLoad (130ms)
				ProcessInitializeOnLoadAttributes (324ms)
				ProcessInitializeOnLoadMethodAttributes (99ms)
				AfterProcessingInitializeOnLoad (9ms)
				EditorAssembliesLoaded (0ms)
			ExecutionOrderSort2 (0ms)
			AwakeInstancesAfterBackupRestoration (11ms)
Platform modules already initialized, skipping
Refreshing native plugins compatible for Editor in 3.21 ms, found 4 plugins.
Preloading 0 native plugins for Editor in 0.00 ms.
Unloading 5583 Unused Serialized files (Serialized files now loaded: 0)
Unloading 45 unused Assets / (1.2 MB). Loaded Objects now: 6172.
Memory consumption went from 217.8 MB to 216.5 MB.
Total: 4.797100 ms (FindLiveObjects: 0.426300 ms CreateObjectMapping: 0.260000 ms MarkObjects: 3.561400 ms  DeleteObjects: 0.548200 ms)

AssetImportParameters requested are different than current active one (requested -> active):
  custom:video-decoder-ogg-theora: a1e56fd34408186e4bbccfd4996cb3dc -> 
  custom:container-muxer-webm: aa71ff27fc2769a1b78a27578f13a17b -> 
  custom:container-demuxer-webm: 4f35f7cbe854078d1ac9338744f61a02 -> 
  custom:video-encoder-webm-vp8: eb34c28f22e8b96e1ab97ce403110664 -> 
  custom:video-codec-MediaFoundation-h265: 746d11721c4dcdbdad8f713fa42b33f4 -> 
  custom:audio-encoder-webm-vorbis: bf7c407c2cedff20999df2af8eb42d56 -> 
  custom:framework-win-MediaFoundation: 216162199b28c13a410421893ffa2e32 -> 
  custom:container-demuxer-ogg: 62fdf1f143b41e24485cea50d1cbac27 -> 
  custom:video-decoder-webm-vp8: 9c59270c3fd7afecdb556c50c9e8de78 -> 
  custom:audio-decoder-ogg-vorbis: bf7c407c2cedff20999df2af8eb42d56 -> 
========================================================================
Received Prepare
Registering precompiled user dll's ...
Registered in 0.013755 seconds.
Required property 'name' not set (Packages/com.unity.sysroot/Tests/Editor/Unity.Sysroot.EditorTests.asmdef)
Required property 'name' not set (Packages/com.unity.toolchain.win-x86_64-linux-x86_64/Editor/Unity.Toolchain.Win-x86_64-Linux-x86_64.asmdef)
Required property 'name' not set (Packages/com.unity.sysroot.linux-x86_64/Editor/Unity.Sysroot.Linux-x86_64.asmdef)
Required property 'name' not set (Packages/com.unity.sysroot.linux-x86_64/Tests/Editor/Unity.Sysroot.Linux-x86_64.EditorTests.asmdef)
Required property 'name' not set (Packages/com.unity.toolchain.win-x86_64-linux-x86_64/Tests/Editor/Unity.Toolchain.Win-x86_64-Linux-x86_64.EditorTests.asmdef)
Required property 'name' not set (Packages/com.unity.sysroot/Editor/Unity.SysrootPackage.Editor.asmdef)
Required property 'name' not set (Packages/com.unity.sysroot/Tests/Editor/Unity.Sysroot.EditorTests.asmdef)
Required property 'name' not set (Packages/com.unity.toolchain.win-x86_64-linux-x86_64/Editor/Unity.Toolchain.Win-x86_64-Linux-x86_64.asmdef)
Required property 'name' not set (Packages/com.unity.sysroot.linux-x86_64/Editor/Unity.Sysroot.Linux-x86_64.asmdef)
Required property 'name' not set (Packages/com.unity.sysroot.linux-x86_64/Tests/Editor/Unity.Sysroot.Linux-x86_64.EditorTests.asmdef)
Required property 'name' not set (Packages/com.unity.toolchain.win-x86_64-linux-x86_64/Tests/Editor/Unity.Toolchain.Win-x86_64-Linux-x86_64.EditorTests.asmdef)
Required property 'name' not set (Packages/com.unity.sysroot/Editor/Unity.SysrootPackage.Editor.asmdef)
Begin MonoManager ReloadAssembly
Symbol file LoadedFromMemory doesn't match image C:\Users\micha\ShellHacks2022\Library\PackageCache\com.unity.visualscripting@1.7.8\Editor\VisualScripting.Core\Dependencies\YamlDotNet\Unity.VisualScripting.YamlDotNet.dll
Symbol file LoadedFromMemory doesn't match image C:\Users\micha\ShellHacks2022\Library\PackageCache\com.unity.visualscripting@1.7.8\Editor\VisualScripting.Core\Dependencies\DotNetZip\Unity.VisualScripting.IonicZip.dll
Native extension for UWP target not found
Native extension for LinuxStandalone target not found
Native extension for WindowsStandalone target not found
Native extension for OSXStandalone target not found
Native extension for WebGL target not found
Refreshing native plugins compatible for Editor in 3.52 ms, found 4 plugins.
Preloading 0 native plugins for Editor in 0.00 ms.
Required property 'name' not set (Packages/com.unity.sysroot/Tests/Editor/Unity.Sysroot.EditorTests.asmdef)
Required property 'name' not set (Packages/com.unity.toolchain.win-x86_64-linux-x86_64/Editor/Unity.Toolchain.Win-x86_64-Linux-x86_64.asmdef)
Required property 'name' not set (Packages/com.unity.sysroot.linux-x86_64/Editor/Unity.Sysroot.Linux-x86_64.asmdef)
Required property 'name' not set (Packages/com.unity.sysroot.linux-x86_64/Tests/Editor/Unity.Sysroot.Linux-x86_64.EditorTests.asmdef)
Required property 'name' not set (Packages/com.unity.toolchain.win-x86_64-linux-x86_64/Tests/Editor/Unity.Toolchain.Win-x86_64-Linux-x86_64.EditorTests.asmdef)
Required property 'name' not set (Packages/com.unity.sysroot/Editor/Unity.SysrootPackage.Editor.asmdef)
Mono: successfully reloaded assembly
- Completed reload, in  1.644 seconds
Domain Reload Profiling:
	ReloadAssembly (1645ms)
		BeginReloadAssembly (230ms)
			ExecutionOrderSort (0ms)
			DisableScriptedObjects (14ms)
			BackupInstance (0ms)
			ReleaseScriptingObjects (0ms)
			CreateAndSetChildDomain (91ms)
		EndReloadAssembly (1310ms)
			LoadAssemblies (126ms)
			RebuildTransferFunctionScriptingTraits (0ms)
			SetupTypeCache (312ms)
			ReleaseScriptCaches (8ms)
			RebuildScriptCaches (101ms)
			SetupLoadedEditorAssemblies (660ms)
				LogAssemblyErrors (0ms)
				InitializePlatformSupportModulesInManaged (31ms)
				SetLoadedEditorAssemblies (1ms)
				RefreshPlugins (4ms)
				BeforeProcessingInitializeOnLoad (172ms)
				ProcessInitializeOnLoadAttributes (331ms)
				ProcessInitializeOnLoadMethodAttributes (111ms)
				AfterProcessingInitializeOnLoad (9ms)
				EditorAssembliesLoaded (0ms)
			ExecutionOrderSort2 (0ms)
			AwakeInstancesAfterBackupRestoration (12ms)
Platform modules already initialized, skipping
Refreshing native plugins compatible for Editor in 3.24 ms, found 4 plugins.
Preloading 0 native plugins for Editor in 0.00 ms.
Unloading 5575 Unused Serialized files (Serialized files now loaded: 0)
Unloading 53 unused Assets / (1.2 MB). Loaded Objects now: 6179.
Memory consumption went from 217.6 MB to 216.4 MB.
Total: 5.531100 ms (FindLiveObjects: 0.633100 ms CreateObjectMapping: 0.565000 ms MarkObjects: 3.603900 ms  DeleteObjects: 0.727200 ms)

AssetImportParameters requested are different than current active one (requested -> active):
  custom:video-decoder-ogg-theora: a1e56fd34408186e4bbccfd4996cb3dc -> 
  custom:container-muxer-webm: aa71ff27fc2769a1b78a27578f13a17b -> 
  custom:container-demuxer-webm: 4f35f7cbe854078d1ac9338744f61a02 -> 
  custom:video-encoder-webm-vp8: eb34c28f22e8b96e1ab97ce403110664 -> 
  custom:video-codec-MediaFoundation-h265: 746d11721c4dcdbdad8f713fa42b33f4 -> 
  custom:audio-encoder-webm-vorbis: bf7c407c2cedff20999df2af8eb42d56 -> 
  custom:framework-win-MediaFoundation: 216162199b28c13a410421893ffa2e32 -> 
  custom:container-demuxer-ogg: 62fdf1f143b41e24485cea50d1cbac27 -> 
  custom:video-decoder-webm-vp8: 9c59270c3fd7afecdb556c50c9e8de78 -> 
  custom:audio-decoder-ogg-vorbis: bf7c407c2cedff20999df2af8eb42d56 -> 
========================================================================
Received Prepare
Refreshing native plugins compatible for Editor in 11.66 ms, found 4 plugins.
Preloading 0 native plugins for Editor in 0.00 ms.
Unloading 69 Unused Serialized files (Serialized files now loaded: 0)
Unloading 49 unused Assets / (1.3 MB). Loaded Objects now: 6199.
Memory consumption went from 107.6 MB to 106.3 MB.
Total: 7.113700 ms (FindLiveObjects: 0.654100 ms CreateObjectMapping: 0.612100 ms MarkObjects: 4.736700 ms  DeleteObjects: 1.109500 ms)

AssetImportParameters requested are different than current active one (requested -> active):
  custom:video-decoder-ogg-theora: a1e56fd34408186e4bbccfd4996cb3dc -> 
  custom:container-muxer-webm: aa71ff27fc2769a1b78a27578f13a17b -> 
  custom:container-demuxer-webm: 4f35f7cbe854078d1ac9338744f61a02 -> 
  custom:video-encoder-webm-vp8: eb34c28f22e8b96e1ab97ce403110664 -> 
  custom:video-codec-MediaFoundation-h265: 746d11721c4dcdbdad8f713fa42b33f4 -> 
  custom:audio-encoder-webm-vorbis: bf7c407c2cedff20999df2af8eb42d56 -> 
  custom:framework-win-MediaFoundation: 216162199b28c13a410421893ffa2e32 -> 
  custom:container-demuxer-ogg: 62fdf1f143b41e24485cea50d1cbac27 -> 
  custom:video-decoder-webm-vp8: 9c59270c3fd7afecdb556c50c9e8de78 -> 
  custom:audio-decoder-ogg-vorbis: bf7c407c2cedff20999df2af8eb42d56 -> 
========================================================================
Received Import Request.
  Time since last request: 95.702001 seconds.
  path: Assets/alagard.ttf
  artifactKey: Guid(b2a6b6f12028ab249ab7ea575a984e1d) Importer(815301076,1909f56bfc062723c751e8b465ee728b)
Start importing Assets/alagard.ttf using Guid(b2a6b6f12028ab249ab7ea575a984e1d) Importer(815301076,1909f56bfc062723c751e8b465ee728b)  -> (artifact id: '74274a4d2cef6a46cc5005c09ced05f8') in 0.396495 seconds 
========================================================================
Received Prepare
Registering precompiled user dll's ...
Registered in 0.014764 seconds.
Required property 'name' not set (Packages/com.unity.sysroot/Tests/Editor/Unity.Sysroot.EditorTests.asmdef)
Required property 'name' not set (Packages/com.unity.toolchain.win-x86_64-linux-x86_64/Editor/Unity.Toolchain.Win-x86_64-Linux-x86_64.asmdef)
Required property 'name' not set (Packages/com.unity.sysroot.linux-x86_64/Editor/Unity.Sysroot.Linux-x86_64.asmdef)
Required property 'name' not set (Packages/com.unity.sysroot.linux-x86_64/Tests/Editor/Unity.Sysroot.Linux-x86_64.EditorTests.asmdef)
Required property 'name' not set (Packages/com.unity.toolchain.win-x86_64-linux-x86_64/Tests/Editor/Unity.Toolchain.Win-x86_64-Linux-x86_64.EditorTests.asmdef)
Required property 'name' not set (Packages/com.unity.sysroot/Editor/Unity.SysrootPackage.Editor.asmdef)
Required property 'name' not set (Packages/com.unity.sysroot/Tests/Editor/Unity.Sysroot.EditorTests.asmdef)
Required property 'name' not set (Packages/com.unity.toolchain.win-x86_64-linux-x86_64/Editor/Unity.Toolchain.Win-x86_64-Linux-x86_64.asmdef)
Required property 'name' not set (Packages/com.unity.sysroot.linux-x86_64/Editor/Unity.Sysroot.Linux-x86_64.asmdef)
Required property 'name' not set (Packages/com.unity.sysroot.linux-x86_64/Tests/Editor/Unity.Sysroot.Linux-x86_64.EditorTests.asmdef)
Required property 'name' not set (Packages/com.unity.toolchain.win-x86_64-linux-x86_64/Tests/Editor/Unity.Toolchain.Win-x86_64-Linux-x86_64.EditorTests.asmdef)
Required property 'name' not set (Packages/com.unity.sysroot/Editor/Unity.SysrootPackage.Editor.asmdef)
Begin MonoManager ReloadAssembly
Symbol file LoadedFromMemory doesn't match image C:\Users\micha\ShellHacks2022\Library\PackageCache\com.unity.visualscripting@1.7.8\Editor\VisualScripting.Core\Dependencies\YamlDotNet\Unity.VisualScripting.YamlDotNet.dll
Symbol file LoadedFromMemory doesn't match image C:\Users\micha\ShellHacks2022\Library\PackageCache\com.unity.visualscripting@1.7.8\Editor\VisualScripting.Core\Dependencies\DotNetZip\Unity.VisualScripting.IonicZip.dll
Native extension for UWP target not found
Native extension for LinuxStandalone target not found
Native extension for WindowsStandalone target not found
Native extension for OSXStandalone target not found
Native extension for WebGL target not found
Refreshing native plugins compatible for Editor in 1.32 ms, found 4 plugins.
Preloading 0 native plugins for Editor in 0.00 ms.
Required property 'name' not set (Packages/com.unity.sysroot/Tests/Editor/Unity.Sysroot.EditorTests.asmdef)
Required property 'name' not set (Packages/com.unity.toolchain.win-x86_64-linux-x86_64/Editor/Unity.Toolchain.Win-x86_64-Linux-x86_64.asmdef)
Required property 'name' not set (Packages/com.unity.sysroot.linux-x86_64/Editor/Unity.Sysroot.Linux-x86_64.asmdef)
Required property 'name' not set (Packages/com.unity.sysroot.linux-x86_64/Tests/Editor/Unity.Sysroot.Linux-x86_64.EditorTests.asmdef)
Required property 'name' not set (Packages/com.unity.toolchain.win-x86_64-linux-x86_64/Tests/Editor/Unity.Toolchain.Win-x86_64-Linux-x86_64.EditorTests.asmdef)
Required property 'name' not set (Packages/com.unity.sysroot/Editor/Unity.SysrootPackage.Editor.asmdef)
Mono: successfully reloaded assembly
- Completed reload, in  2.109 seconds
Domain Reload Profiling:
	ReloadAssembly (2110ms)
		BeginReloadAssembly (279ms)
			ExecutionOrderSort (0ms)
			DisableScriptedObjects (18ms)
			BackupInstance (0ms)
			ReleaseScriptingObjects (0ms)
			CreateAndSetChildDomain (102ms)
		EndReloadAssembly (1625ms)
			LoadAssemblies (172ms)
			RebuildTransferFunctionScriptingTraits (0ms)
			SetupTypeCache (486ms)
			ReleaseScriptCaches (3ms)
			RebuildScriptCaches (97ms)
			SetupLoadedEditorAssemblies (752ms)
				LogAssemblyErrors (0ms)
				InitializePlatformSupportModulesInManaged (22ms)
				SetLoadedEditorAssemblies (1ms)
				RefreshPlugins (1ms)
				BeforeProcessingInitializeOnLoad (134ms)
				ProcessInitializeOnLoadAttributes (338ms)
				ProcessInitializeOnLoadMethodAttributes (237ms)
				AfterProcessingInitializeOnLoad (18ms)
				EditorAssembliesLoaded (1ms)
			ExecutionOrderSort2 (0ms)
			AwakeInstancesAfterBackupRestoration (38ms)
Platform modules already initialized, skipping
Refreshing native plugins compatible for Editor in 3.59 ms, found 4 plugins.
Preloading 0 native plugins for Editor in 0.00 ms.
Unloading 5604 Unused Serialized files (Serialized files now loaded: 0)
Unloading 47 unused Assets / (1.3 MB). Loaded Objects now: 6299.
Memory consumption went from 222.1 MB to 220.8 MB.
Total: 4.417500 ms (FindLiveObjects: 0.411000 ms CreateObjectMapping: 0.239400 ms MarkObjects: 3.206800 ms  DeleteObjects: 0.559100 ms)

AssetImportParameters requested are different than current active one (requested -> active):
  custom:video-decoder-ogg-theora: a1e56fd34408186e4bbccfd4996cb3dc -> 
  custom:container-muxer-webm: aa71ff27fc2769a1b78a27578f13a17b -> 
  custom:container-demuxer-webm: 4f35f7cbe854078d1ac9338744f61a02 -> 
  custom:video-encoder-webm-vp8: eb34c28f22e8b96e1ab97ce403110664 -> 
  custom:video-codec-MediaFoundation-h265: 746d11721c4dcdbdad8f713fa42b33f4 -> 
  custom:audio-encoder-webm-vorbis: bf7c407c2cedff20999df2af8eb42d56 -> 
  custom:framework-win-MediaFoundation: 216162199b28c13a410421893ffa2e32 -> 
  custom:container-demuxer-ogg: 62fdf1f143b41e24485cea50d1cbac27 -> 
  custom:video-decoder-webm-vp8: 9c59270c3fd7afecdb556c50c9e8de78 -> 
  custom:audio-decoder-ogg-vorbis: bf7c407c2cedff20999df2af8eb42d56 -> 
========================================================================
Received Prepare
Registering precompiled user dll's ...
Registered in 0.011800 seconds.
Required property 'name' not set (Packages/com.unity.sysroot/Tests/Editor/Unity.Sysroot.EditorTests.asmdef)
Required property 'name' not set (Packages/com.unity.toolchain.win-x86_64-linux-x86_64/Editor/Unity.Toolchain.Win-x86_64-Linux-x86_64.asmdef)
Required property 'name' not set (Packages/com.unity.sysroot.linux-x86_64/Editor/Unity.Sysroot.Linux-x86_64.asmdef)
Required property 'name' not set (Packages/com.unity.sysroot.linux-x86_64/Tests/Editor/Unity.Sysroot.Linux-x86_64.EditorTests.asmdef)
Required property 'name' not set (Packages/com.unity.toolchain.win-x86_64-linux-x86_64/Tests/Editor/Unity.Toolchain.Win-x86_64-Linux-x86_64.EditorTests.asmdef)
Required property 'name' not set (Packages/com.unity.sysroot/Editor/Unity.SysrootPackage.Editor.asmdef)
Required property 'name' not set (Packages/com.unity.sysroot/Tests/Editor/Unity.Sysroot.EditorTests.asmdef)
Required property 'name' not set (Packages/com.unity.toolchain.win-x86_64-linux-x86_64/Editor/Unity.Toolchain.Win-x86_64-Linux-x86_64.asmdef)
Required property 'name' not set (Packages/com.unity.sysroot.linux-x86_64/Editor/Unity.Sysroot.Linux-x86_64.asmdef)
Required property 'name' not set (Packages/com.unity.sysroot.linux-x86_64/Tests/Editor/Unity.Sysroot.Linux-x86_64.EditorTests.asmdef)
Required property 'name' not set (Packages/com.unity.toolchain.win-x86_64-linux-x86_64/Tests/Editor/Unity.Toolchain.Win-x86_64-Linux-x86_64.EditorTests.asmdef)
Required property 'name' not set (Packages/com.unity.sysroot/Editor/Unity.SysrootPackage.Editor.asmdef)
Begin MonoManager ReloadAssembly
Symbol file LoadedFromMemory doesn't match image C:\Users\micha\ShellHacks2022\Library\PackageCache\com.unity.visualscripting@1.7.8\Editor\VisualScripting.Core\Dependencies\YamlDotNet\Unity.VisualScripting.YamlDotNet.dll
Symbol file LoadedFromMemory doesn't match image C:\Users\micha\ShellHacks2022\Library\PackageCache\com.unity.visualscripting@1.7.8\Editor\VisualScripting.Core\Dependencies\DotNetZip\Unity.VisualScripting.IonicZip.dll
Native extension for UWP target not found
Native extension for LinuxStandalone target not found
Native extension for WindowsStandalone target not found
Native extension for OSXStandalone target not found
Native extension for WebGL target not found
Refreshing native plugins compatible for Editor in 1.76 ms, found 4 plugins.
Preloading 0 native plugins for Editor in 0.00 ms.
Required property 'name' not set (Packages/com.unity.sysroot/Tests/Editor/Unity.Sysroot.EditorTests.asmdef)
Required property 'name' not set (Packages/com.unity.toolchain.win-x86_64-linux-x86_64/Editor/Unity.Toolchain.Win-x86_64-Linux-x86_64.asmdef)
Required property 'name' not set (Packages/com.unity.sysroot.linux-x86_64/Editor/Unity.Sysroot.Linux-x86_64.asmdef)
Required property 'name' not set (Packages/com.unity.sysroot.linux-x86_64/Tests/Editor/Unity.Sysroot.Linux-x86_64.EditorTests.asmdef)
Required property 'name' not set (Packages/com.unity.toolchain.win-x86_64-linux-x86_64/Tests/Editor/Unity.Toolchain.Win-x86_64-Linux-x86_64.EditorTests.asmdef)
Required property 'name' not set (Packages/com.unity.sysroot/Editor/Unity.SysrootPackage.Editor.asmdef)
Mono: successfully reloaded assembly
- Completed reload, in  1.942 seconds
Domain Reload Profiling:
	ReloadAssembly (1943ms)
		BeginReloadAssembly (256ms)
			ExecutionOrderSort (0ms)
			DisableScriptedObjects (8ms)
			BackupInstance (0ms)
			ReleaseScriptingObjects (0ms)
			CreateAndSetChildDomain (79ms)
		EndReloadAssembly (1552ms)
			LoadAssemblies (180ms)
			RebuildTransferFunctionScriptingTraits (0ms)
			SetupTypeCache (389ms)
			ReleaseScriptCaches (3ms)
			RebuildScriptCaches (64ms)
			SetupLoadedEditorAssemblies (813ms)
				LogAssemblyErrors (0ms)
				InitializePlatformSupportModulesInManaged (40ms)
				SetLoadedEditorAssemblies (1ms)
				RefreshPlugins (2ms)
				BeforeProcessingInitializeOnLoad (232ms)
				ProcessInitializeOnLoadAttributes (395ms)
				ProcessInitializeOnLoadMethodAttributes (132ms)
				AfterProcessingInitializeOnLoad (10ms)
				EditorAssembliesLoaded (0ms)
			ExecutionOrderSort2 (0ms)
			AwakeInstancesAfterBackupRestoration (25ms)
Platform modules already initialized, skipping
Refreshing native plugins compatible for Editor in 5.39 ms, found 4 plugins.
Preloading 0 native plugins for Editor in 0.00 ms.
Unloading 5605 Unused Serialized files (Serialized files now loaded: 0)
Unloading 47 unused Assets / (1.3 MB). Loaded Objects now: 6314.
Memory consumption went from 222.1 MB to 220.9 MB.
Total: 4.567900 ms (FindLiveObjects: 0.491300 ms CreateObjectMapping: 0.300100 ms MarkObjects: 3.163800 ms  DeleteObjects: 0.611200 ms)

AssetImportParameters requested are different than current active one (requested -> active):
  custom:video-decoder-ogg-theora: a1e56fd34408186e4bbccfd4996cb3dc -> 
  custom:container-muxer-webm: aa71ff27fc2769a1b78a27578f13a17b -> 
  custom:container-demuxer-webm: 4f35f7cbe854078d1ac9338744f61a02 -> 
  custom:video-encoder-webm-vp8: eb34c28f22e8b96e1ab97ce403110664 -> 
  custom:video-codec-MediaFoundation-h265: 746d11721c4dcdbdad8f713fa42b33f4 -> 
  custom:audio-encoder-webm-vorbis: bf7c407c2cedff20999df2af8eb42d56 -> 
  custom:framework-win-MediaFoundation: 216162199b28c13a410421893ffa2e32 -> 
  custom:container-demuxer-ogg: 62fdf1f143b41e24485cea50d1cbac27 -> 
  custom:video-decoder-webm-vp8: 9c59270c3fd7afecdb556c50c9e8de78 -> 
  custom:audio-decoder-ogg-vorbis: bf7c407c2cedff20999df2af8eb42d56 -> 
========================================================================
Received Import Request.
  Time since last request: 83.107344 seconds.
  path: Assets/Prefabs/Bottles.prefab
  artifactKey: Guid(35607b143ae64e04880403fae8363bee) Importer(815301076,1909f56bfc062723c751e8b465ee728b)
Start importing Assets/Prefabs/Bottles.prefab using Guid(35607b143ae64e04880403fae8363bee) Importer(815301076,1909f56bfc062723c751e8b465ee728b)  -> (artifact id: 'c1e4eefcf33e57c9d8ad90fa0e9a3a56') in 0.318270 seconds 
========================================================================
Received Import Request.
  Time since last request: 12.014550 seconds.
  path: Assets/Prefabs/Bottles.prefab
  artifactKey: Guid(35607b143ae64e04880403fae8363bee) Importer(815301076,1909f56bfc062723c751e8b465ee728b)
Start importing Assets/Prefabs/Bottles.prefab using Guid(35607b143ae64e04880403fae8363bee) Importer(815301076,1909f56bfc062723c751e8b465ee728b)  -> (artifact id: '18621f406d3b334c92587527b0053235') in 0.024335 seconds 
========================================================================
Received Prepare
Registering precompiled user dll's ...
Registered in 0.013021 seconds.
Required property 'name' not set (Packages/com.unity.sysroot/Tests/Editor/Unity.Sysroot.EditorTests.asmdef)
Required property 'name' not set (Packages/com.unity.toolchain.win-x86_64-linux-x86_64/Editor/Unity.Toolchain.Win-x86_64-Linux-x86_64.asmdef)
Required property 'name' not set (Packages/com.unity.sysroot.linux-x86_64/Editor/Unity.Sysroot.Linux-x86_64.asmdef)
Required property 'name' not set (Packages/com.unity.sysroot.linux-x86_64/Tests/Editor/Unity.Sysroot.Linux-x86_64.EditorTests.asmdef)
Required property 'name' not set (Packages/com.unity.toolchain.win-x86_64-linux-x86_64/Tests/Editor/Unity.Toolchain.Win-x86_64-Linux-x86_64.EditorTests.asmdef)
Required property 'name' not set (Packages/com.unity.sysroot/Editor/Unity.SysrootPackage.Editor.asmdef)
Required property 'name' not set (Packages/com.unity.sysroot/Tests/Editor/Unity.Sysroot.EditorTests.asmdef)
Required property 'name' not set (Packages/com.unity.toolchain.win-x86_64-linux-x86_64/Editor/Unity.Toolchain.Win-x86_64-Linux-x86_64.asmdef)
Required property 'name' not set (Packages/com.unity.sysroot.linux-x86_64/Editor/Unity.Sysroot.Linux-x86_64.asmdef)
Required property 'name' not set (Packages/com.unity.sysroot.linux-x86_64/Tests/Editor/Unity.Sysroot.Linux-x86_64.EditorTests.asmdef)
Required property 'name' not set (Packages/com.unity.toolchain.win-x86_64-linux-x86_64/Tests/Editor/Unity.Toolchain.Win-x86_64-Linux-x86_64.EditorTests.asmdef)
Required property 'name' not set (Packages/com.unity.sysroot/Editor/Unity.SysrootPackage.Editor.asmdef)
Begin MonoManager ReloadAssembly
Symbol file LoadedFromMemory doesn't match image C:\Users\micha\ShellHacks2022\Library\PackageCache\com.unity.visualscripting@1.7.8\Editor\VisualScripting.Core\Dependencies\YamlDotNet\Unity.VisualScripting.YamlDotNet.dll
Symbol file LoadedFromMemory doesn't match image C:\Users\micha\ShellHacks2022\Library\PackageCache\com.unity.visualscripting@1.7.8\Editor\VisualScripting.Core\Dependencies\DotNetZip\Unity.VisualScripting.IonicZip.dll
Native extension for UWP target not found
Native extension for LinuxStandalone target not found
Native extension for WindowsStandalone target not found
Native extension for OSXStandalone target not found
Native extension for WebGL target not found
Refreshing native plugins compatible for Editor in 1.95 ms, found 4 plugins.
Preloading 0 native plugins for Editor in 0.00 ms.
Required property 'name' not set (Packages/com.unity.sysroot/Tests/Editor/Unity.Sysroot.EditorTests.asmdef)
Required property 'name' not set (Packages/com.unity.toolchain.win-x86_64-linux-x86_64/Editor/Unity.Toolchain.Win-x86_64-Linux-x86_64.asmdef)
Required property 'name' not set (Packages/com.unity.sysroot.linux-x86_64/Editor/Unity.Sysroot.Linux-x86_64.asmdef)
Required property 'name' not set (Packages/com.unity.sysroot.linux-x86_64/Tests/Editor/Unity.Sysroot.Linux-x86_64.EditorTests.asmdef)
Required property 'name' not set (Packages/com.unity.toolchain.win-x86_64-linux-x86_64/Tests/Editor/Unity.Toolchain.Win-x86_64-Linux-x86_64.EditorTests.asmdef)
Required property 'name' not set (Packages/com.unity.sysroot/Editor/Unity.SysrootPackage.Editor.asmdef)
Mono: successfully reloaded assembly
- Completed reload, in  2.334 seconds
Domain Reload Profiling:
	ReloadAssembly (2335ms)
		BeginReloadAssembly (185ms)
			ExecutionOrderSort (0ms)
			DisableScriptedObjects (14ms)
			BackupInstance (0ms)
			ReleaseScriptingObjects (0ms)
			CreateAndSetChildDomain (53ms)
		EndReloadAssembly (1987ms)
			LoadAssemblies (139ms)
			RebuildTransferFunctionScriptingTraits (0ms)
			SetupTypeCache (580ms)
			ReleaseScriptCaches (4ms)
			RebuildScriptCaches (100ms)
			SetupLoadedEditorAssemblies (986ms)
				LogAssemblyErrors (0ms)
				InitializePlatformSupportModulesInManaged (39ms)
				SetLoadedEditorAssemblies (1ms)
				RefreshPlugins (2ms)
				BeforeProcessingInitializeOnLoad (218ms)
				ProcessInitializeOnLoadAttributes (506ms)
				ProcessInitializeOnLoadMethodAttributes (205ms)
				AfterProcessingInitializeOnLoad (13ms)
				EditorAssembliesLoaded (0ms)
			ExecutionOrderSort2 (0ms)
			AwakeInstancesAfterBackupRestoration (19ms)
Platform modules already initialized, skipping
Refreshing native plugins compatible for Editor in 5.85 ms, found 4 plugins.
Preloading 0 native plugins for Editor in 0.00 ms.
Unloading 5604 Unused Serialized files (Serialized files now loaded: 0)
Unloading 47 unused Assets / (1.3 MB). Loaded Objects now: 6370.
Memory consumption went from 222.3 MB to 221.1 MB.
Total: 4.908900 ms (FindLiveObjects: 0.484300 ms CreateObjectMapping: 0.335800 ms MarkObjects: 3.385100 ms  DeleteObjects: 0.702200 ms)

AssetImportParameters requested are different than current active one (requested -> active):
  custom:video-decoder-ogg-theora: a1e56fd34408186e4bbccfd4996cb3dc -> 
  custom:container-muxer-webm: aa71ff27fc2769a1b78a27578f13a17b -> 
  custom:container-demuxer-webm: 4f35f7cbe854078d1ac9338744f61a02 -> 
  custom:video-encoder-webm-vp8: eb34c28f22e8b96e1ab97ce403110664 -> 
  custom:video-codec-MediaFoundation-h265: 746d11721c4dcdbdad8f713fa42b33f4 -> 
  custom:audio-encoder-webm-vorbis: bf7c407c2cedff20999df2af8eb42d56 -> 
  custom:framework-win-MediaFoundation: 216162199b28c13a410421893ffa2e32 -> 
  custom:container-demuxer-ogg: 62fdf1f143b41e24485cea50d1cbac27 -> 
  custom:video-decoder-webm-vp8: 9c59270c3fd7afecdb556c50c9e8de78 -> 
  custom:audio-decoder-ogg-vorbis: bf7c407c2cedff20999df2af8eb42d56 -> 
========================================================================
Received Prepare
Registering precompiled user dll's ...
Registered in 0.015171 seconds.
Begin MonoManager ReloadAssembly
Symbol file LoadedFromMemory doesn't match image C:\Users\micha\ShellHacks2022\Library\PackageCache\com.unity.visualscripting@1.7.8\Editor\VisualScripting.Core\Dependencies\YamlDotNet\Unity.VisualScripting.YamlDotNet.dll
Symbol file LoadedFromMemory doesn't match image C:\Users\micha\ShellHacks2022\Library\PackageCache\com.unity.visualscripting@1.7.8\Editor\VisualScripting.Core\Dependencies\DotNetZip\Unity.VisualScripting.IonicZip.dll
Native extension for UWP target not found
Native extension for LinuxStandalone target not found
Native extension for WindowsStandalone target not found
Native extension for OSXStandalone target not found
Native extension for WebGL target not found
Refreshing native plugins compatible for Editor in 1.89 ms, found 4 plugins.
Preloading 0 native plugins for Editor in 0.00 ms.
Mono: successfully reloaded assembly
- Completed reload, in  1.800 seconds
Domain Reload Profiling:
	ReloadAssembly (1802ms)
		BeginReloadAssembly (185ms)
			ExecutionOrderSort (0ms)
			DisableScriptedObjects (9ms)
			BackupInstance (0ms)
			ReleaseScriptingObjects (0ms)
			CreateAndSetChildDomain (49ms)
		EndReloadAssembly (1454ms)
			LoadAssemblies (142ms)
			RebuildTransferFunctionScriptingTraits (0ms)
			SetupTypeCache (406ms)
			ReleaseScriptCaches (3ms)
			RebuildScriptCaches (81ms)
			SetupLoadedEditorAssemblies (738ms)
				LogAssemblyErrors (0ms)
				InitializePlatformSupportModulesInManaged (27ms)
				SetLoadedEditorAssemblies (1ms)
				RefreshPlugins (2ms)
				BeforeProcessingInitializeOnLoad (183ms)
				ProcessInitializeOnLoadAttributes (405ms)
				ProcessInitializeOnLoadMethodAttributes (114ms)
				AfterProcessingInitializeOnLoad (8ms)
				EditorAssembliesLoaded (0ms)
			ExecutionOrderSort2 (0ms)
			AwakeInstancesAfterBackupRestoration (15ms)
Platform modules already initialized, skipping
Refreshing native plugins compatible for Editor in 4.61 ms, found 4 plugins.
Preloading 0 native plugins for Editor in 0.00 ms.
Unloading 5613 Unused Serialized files (Serialized files now loaded: 0)
Unloading 47 unused Assets / (1.3 MB). Loaded Objects now: 6393.
Memory consumption went from 222.6 MB to 221.3 MB.
Total: 5.267500 ms (FindLiveObjects: 0.497300 ms CreateObjectMapping: 0.326100 ms MarkObjects: 3.856000 ms  DeleteObjects: 0.587100 ms)

AssetImportParameters requested are different than current active one (requested -> active):
  custom:video-decoder-ogg-theora: a1e56fd34408186e4bbccfd4996cb3dc -> 
  custom:container-muxer-webm: aa71ff27fc2769a1b78a27578f13a17b -> 
  custom:container-demuxer-webm: 4f35f7cbe854078d1ac9338744f61a02 -> 
  custom:video-encoder-webm-vp8: eb34c28f22e8b96e1ab97ce403110664 -> 
  custom:video-codec-MediaFoundation-h265: 746d11721c4dcdbdad8f713fa42b33f4 -> 
  custom:audio-encoder-webm-vorbis: bf7c407c2cedff20999df2af8eb42d56 -> 
  custom:framework-win-MediaFoundation: 216162199b28c13a410421893ffa2e32 -> 
  custom:container-demuxer-ogg: 62fdf1f143b41e24485cea50d1cbac27 -> 
  custom:video-decoder-webm-vp8: 9c59270c3fd7afecdb556c50c9e8de78 -> 
  custom:audio-decoder-ogg-vorbis: bf7c407c2cedff20999df2af8eb42d56 -> 
